Watching for file changes with StatReloader
"GET / HTTP/1.1" 200 5274
"GET /static/rest_framework/css/bootstrap.min.css HTTP/1.1" 200 121457
"GET /static/rest_framework/js/csrf.js HTTP/1.1" 200 1719
"GET /static/rest_framework/js/ajax-form.js HTTP/1.1" 200 3597
"GET /static/rest_framework/css/default.css HTTP/1.1" 200 1152
"GET /static/rest_framework/css/prettify.css HTTP/1.1" 200 817
"GET /static/rest_framework/css/bootstrap-tweaks.css HTTP/1.1" 200 3385
"GET /static/rest_framework/js/prettify-min.js HTTP/1.1" 200 13632
"GET /static/rest_framework/js/default.js HTTP/1.1" 200 1268
"GET /static/rest_framework/img/grid.png HTTP/1.1" 200 1458
"GET /static/rest_framework/js/bootstrap.min.js HTTP/1.1" 200 39680
"GET /static/rest_framework/js/jquery-3.5.1.min.js HTTP/1.1" 200 89476
Internal Server Error: /teacherapi/
Traceback (most recent call last):
  File "D:\Training\Django\Coaching\coaching_management\venv\Lib\site-packages\django\core\handlers\exception.py", line 55, in inner
    response = get_response(request)
               ^^^^^^^^^^^^^^^^^^^^^
  File "D:\Training\Django\Coaching\coaching_management\venv\Lib\site-packages\django\core\handlers\base.py", line 197, in _get_response
    response = wrapped_callback(request, *callback_args, **callback_kwargs)
               ^^^^^^^^^^^^^^^^^^^^^^^^^^^^^^^^^^^^^^^^^^^^^^^^^^^^^^^^^^^^
  File "D:\Training\Django\Coaching\coaching_management\venv\Lib\site-packages\django\views\decorators\csrf.py", line 65, in _view_wrapper
    return view_func(request, *args, **kwargs)
           ^^^^^^^^^^^^^^^^^^^^^^^^^^^^^^^^^^^
  File "D:\Training\Django\Coaching\coaching_management\venv\Lib\site-packages\rest_framework\viewsets.py", line 125, in view
    return self.dispatch(request, *args, **kwargs)
           ^^^^^^^^^^^^^^^^^^^^^^^^^^^^^^^^^^^^^^^
  File "D:\Training\Django\Coaching\coaching_management\venv\Lib\site-packages\rest_framework\views.py", line 511, in dispatch
    self.response = self.finalize_response(request, response, *args, **kwargs)
                    ^^^^^^^^^^^^^^^^^^^^^^^^^^^^^^^^^^^^^^^^^^^^^^^^^^^^^^^^^^
  File "D:\Training\Django\Coaching\coaching_management\venv\Lib\site-packages\rest_framework\views.py", line 423, in finalize_response
    assert isinstance(response, HttpResponseBase), (
AssertionError: Expected a `Response`, `HttpResponse` or `HttpStreamingResponse` to be returned from the view, but received a `<class 'dict'>`
"GET /teacherapi/ HTTP/1.1" 500 92849
D:\Training\Django\Coaching\coaching_management\t_info\views.py changed, reloading.
Watching for file changes with StatReloader
D:\Training\Django\Coaching\coaching_management\t_info\views.py changed, reloading.
Watching for file changes with StatReloader
"GET / HTTP/1.1" 200 5274
"GET /teacherapi/ HTTP/1.1" 200 4362
"OPTIONS / HTTP/1.1" 200 5540
"GET /?format=api HTTP/1.1" 200 5340
"GET /teacherapi/?format=api HTTP/1.1" 200 4362
"GET /coaching_management/ HTTP/1.1" 200 5394
"GET /coaching_management/teacherapi/?ordering=teacher_language HTTP/1.1" 200 4362
D:\Training\Django\Coaching\coaching_management\t_info\views.py changed, reloading.
Watching for file changes with StatReloader
D:\Training\Django\Coaching\coaching_management\t_info\views.py changed, reloading.
Watching for file changes with StatReloader
"GET / HTTP/1.1" 200 5274
"GET /teacherapi/ HTTP/1.1" 200 18760
"GET /teacherapi/ HTTP/1.1" 200 18760
D:\Training\Django\Coaching\coaching_management\t_info\views.py changed, reloading.
Watching for file changes with StatReloader
"GET /teacherapi/ HTTP/1.1" 200 18760
D:\Training\Django\Coaching\coaching_management\t_info\views.py changed, reloading.
Watching for file changes with StatReloader
"GET /teacherapi/ HTTP/1.1" 200 14833
"GET /static/rest_framework/fonts/glyphicons-halflings-regular.woff2 HTTP/1.1" 200 18028
"GET /teacherapi/?search=ios HTTP/1.1" 200 13698
"GET /coaching_management/teacherapi/?ordering=teacher_language HTTP/1.1" 200 15549
"GET /static/rest_framework/css/bootstrap.min.css HTTP/1.1" 304 0
"GET /static/rest_framework/css/bootstrap-tweaks.css HTTP/1.1" 304 0
"GET /static/rest_framework/css/prettify.css HTTP/1.1" 304 0
"GET /static/rest_framework/css/default.css HTTP/1.1" 304 0
"GET /static/rest_framework/js/jquery-3.5.1.min.js HTTP/1.1" 304 0
"GET /static/rest_framework/js/bootstrap.min.js HTTP/1.1" 304 0
"GET /static/rest_framework/js/ajax-form.js HTTP/1.1" 304 0
"GET /static/rest_framework/js/csrf.js HTTP/1.1" 304 0
"GET /static/rest_framework/js/default.js HTTP/1.1" 304 0
"GET /static/rest_framework/js/prettify-min.js HTTP/1.1" 304 0
"GET /static/rest_framework/img/grid.png HTTP/1.1" 304 0
"GET /coaching_management/teacherapi/?ordering=teacher_language&p=2 HTTP/1.1" 200 15787
"GET /coaching_management/teacherapi/?ordering=teacher_language HTTP/1.1" 200 15549
"GET /coaching_management HTTP/1.1" 301 0
"GET /coaching_management/ HTTP/1.1" 200 50
"GET /coaching_management/teacherapi/ HTTP/1.1" 200 749
"POST /coaching_management/teacherapi/ HTTP/1.1" 201 287
"POST /coaching_management/teacherapi/ HTTP/1.1" 201 288
D:\Training\Django\Coaching\coaching_management\t_info\views.py changed, reloading.
Watching for file changes with StatReloader
D:\Training\Django\Coaching\coaching_management\t_info\views.py changed, reloading.
Watching for file changes with StatReloader
"GET /teacherapi/?search=ios HTTP/1.1" 200 11865
"GET /static/rest_framework/css/bootstrap-tweaks.css HTTP/1.1" 304 0
"GET /static/rest_framework/css/bootstrap.min.css HTTP/1.1" 304 0
"GET /static/rest_framework/js/jquery-3.5.1.min.js HTTP/1.1" 304 0
"GET /static/rest_framework/css/default.css HTTP/1.1" 304 0
"GET /static/rest_framework/css/prettify.css HTTP/1.1" 304 0
"GET /static/rest_framework/js/csrf.js HTTP/1.1" 304 0
"GET /static/rest_framework/js/ajax-form.js HTTP/1.1" 304 0
"GET /static/rest_framework/js/bootstrap.min.js HTTP/1.1" 304 0
"GET /static/rest_framework/js/prettify-min.js HTTP/1.1" 304 0
"GET /static/rest_framework/js/default.js HTTP/1.1" 304 0
"GET /static/rest_framework/img/grid.png HTTP/1.1" 304 0
D:\Training\Django\Coaching\coaching_management\t_info\views.py changed, reloading.
Watching for file changes with StatReloader
Internal Server Error: /teacherapi/
Traceback (most recent call last):
  File "D:\Training\Django\Coaching\coaching_management\t_info\views.py", line 78, in list
    response_data = success_response(data=serializer.data, message='Data retrieved successfully')
                    ^^^^^^^^^^^^^^^^
NameError: name 'success_response' is not defined

During handling of the above exception, another exception occurred:

Traceback (most recent call last):
  File "D:\Training\Django\Coaching\coaching_management\venv\Lib\site-packages\django\core\handlers\exception.py", line 55, in inner
    response = get_response(request)
               ^^^^^^^^^^^^^^^^^^^^^
  File "D:\Training\Django\Coaching\coaching_management\venv\Lib\site-packages\django\core\handlers\base.py", line 197, in _get_response
    response = wrapped_callback(request, *callback_args, **callback_kwargs)
               ^^^^^^^^^^^^^^^^^^^^^^^^^^^^^^^^^^^^^^^^^^^^^^^^^^^^^^^^^^^^
  File "D:\Training\Django\Coaching\coaching_management\venv\Lib\site-packages\django\views\decorators\csrf.py", line 65, in _view_wrapper
    return view_func(request, *args, **kwargs)
           ^^^^^^^^^^^^^^^^^^^^^^^^^^^^^^^^^^^
  File "D:\Training\Django\Coaching\coaching_management\venv\Lib\site-packages\rest_framework\viewsets.py", line 125, in view
    return self.dispatch(request, *args, **kwargs)
           ^^^^^^^^^^^^^^^^^^^^^^^^^^^^^^^^^^^^^^^
  File "D:\Training\Django\Coaching\coaching_management\venv\Lib\site-packages\rest_framework\views.py", line 509, in dispatch
    response = self.handle_exception(exc)
               ^^^^^^^^^^^^^^^^^^^^^^^^^^
  File "D:\Training\Django\Coaching\coaching_management\venv\Lib\site-packages\rest_framework\views.py", line 469, in handle_exception
    self.raise_uncaught_exception(exc)
  File "D:\Training\Django\Coaching\coaching_management\venv\Lib\site-packages\rest_framework\views.py", line 480, in raise_uncaught_exception
    raise exc
  File "D:\Training\Django\Coaching\coaching_management\venv\Lib\site-packages\rest_framework\views.py", line 506, in dispatch
    response = handler(request, *args, **kwargs)
               ^^^^^^^^^^^^^^^^^^^^^^^^^^^^^^^^^
  File "D:\Training\Django\Coaching\coaching_management\t_info\views.py", line 86, in list
    response_data = failure_response(errors, message='Error while processing the request')
                    ^^^^^^^^^^^^^^^^
NameError: name 'failure_response' is not defined
"GET /teacherapi/?search=ios HTTP/1.1" 500 101837
D:\Training\Django\Coaching\coaching_management\t_info\views.py changed, reloading.
Watching for file changes with StatReloader
"GET /teacherapi/?search=ios HTTP/1.1" 200 11865
"GET /teacherapi/?search=ios HTTP/1.1" 200 11865
"GET /static/rest_framework/css/bootstrap.min.css.map HTTP/1.1" 200 540434
D:\Training\Django\Coaching\coaching_management\t_info\views.py changed, reloading.
Watching for file changes with StatReloader
Watching for file changes with StatReloader
"GET /teacherapi/?search=ios HTTP/1.1" 200 13698
"GET /static/rest_framework/fonts/glyphicons-halflings-regular.woff2 HTTP/1.1" 304 0
"GET /coaching_management/teacherapi/?ordering=teacher_language HTTP/1.1" 200 15549
"GET /coaching_management/teacherapi/?ordering=teacher_language HTTP/1.1" 200 15549
"GET /teacherapi/ HTTP/1.1" 200 14833
"GET /static/rest_framework/js/jquery-3.5.1.min.js HTTP/1.1" 304 0
"GET /static/rest_framework/js/ajax-form.js HTTP/1.1" 304 0
"GET /static/rest_framework/js/csrf.js HTTP/1.1" 304 0
"GET /static/rest_framework/js/bootstrap.min.js HTTP/1.1" 304 0
"GET /static/rest_framework/js/prettify-min.js HTTP/1.1" 304 0
"GET /static/rest_framework/js/default.js HTTP/1.1" 304 0
"GET /static/rest_framework/img/grid.png HTTP/1.1" 304 0
"GET /static/rest_framework/fonts/glyphicons-halflings-regular.woff2 HTTP/1.1" 304 0
D:\Training\Django\Coaching\coaching_management\coaching_management\settings.py changed, reloading.
